Timestamp: Fri May  8 12:22:34 CEST 2026
[1;33m⚠ DRY-RUN MODE - No changes will be made[0m
[0;34mℹ ━━━━━━━━━━━━━━━━━━━━━━━━━━━━━━━━━━━━━[0m
[0;34mℹ GITHUB CLI[0m
[0;34mℹ ━━━━━━━━━━━━━━━━━━━━━━━━━━━━━━━━━━━━━[0m
[0;32m✅ GitHub already authenticated[0m
[0;34mℹ [0m
[0;34mℹ ━━━━━━━━━━━━━━━━━━━━━━━━━━━━━━━━━━━━━[0m
[0;34mℹ GCLOUD SDK[0m
[0;34mℹ ━━━━━━━━━━━━━━━━━━━━━━━━━━━━━━━━━━━━━[0m
[0;32m✅ GCP authenticated as: poorku@gmail.com[0m
[0;34mℹ [0m
[0;34mℹ ━━━━━━━━━━━━━━━━━━━━━━━━━━━━━━━━━━━━━[0m
[0;34mℹ FIREBASE CLI[0m
[0;34mℹ ━━━━━━━━━━━━━━━━━━━━━━━━━━━━━━━━━━━━━[0m
[0;34mℹ [DRY-RUN] Would run: firebase login[0m
[0;34mℹ [0m
[0;34mℹ ━━━━━━━━━━━━━━━━━━━━━━━━━━━━━━━━━━━━━[0m
[0;34mℹ GOOGLE APPLICATION CREDENTIALS (SERVICE ACCOUNT)[0m
[0;34mℹ ━━━━━━━━━━━━━━━━━━━━━━━━━━━━━━━━━━━━━[0m
[1;33m⚠ No service account credentials found[0m
[0;34mℹ Expected one of:[0m
[0;34mℹ   - /home/asanchez/Code/github-andres20980/astro-cluster/.firebase/service-account.json[0m
[0;34mℹ   - /home/asanchez/.config/gcloud/service-account.json[0m
[0;34mℹ   - /home/asanchez/Code/github-andres20980/astro-cluster/service-account.json[0m
[0;34mℹ To generate:[0m
[0;34mℹ   1. Go to GCP Console → Service Accounts[0m
[0;34mℹ   2. Create new key (JSON format)[0m
[0;34mℹ   3. Save to: /home/asanchez/Code/github-andres20980/astro-cluster/.firebase/service-account.json[0m
Timestamp: Fri May  8 12:23:16 CEST 2026
[1;33m⚠ DRY-RUN MODE - No changes will be made[0m
[0;34mℹ ━━━━━━━━━━━━━━━━━━━━━━━━━━━━━━━━━━━━━[0m
[0;34mℹ GITHUB CLI[0m
[0;34mℹ ━━━━━━━━━━━━━━━━━━━━━━━━━━━━━━━━━━━━━[0m
[0;32m✅ GitHub already authenticated[0m
[0;34mℹ [0m
[0;34mℹ ━━━━━━━━━━━━━━━━━━━━━━━━━━━━━━━━━━━━━[0m
[0;34mℹ GCLOUD SDK[0m
[0;34mℹ ━━━━━━━━━━━━━━━━━━━━━━━━━━━━━━━━━━━━━[0m
[0;32m✅ GCP authenticated as: poorku@gmail.com[0m
[0;34mℹ [0m
[0;34mℹ ━━━━━━━━━━━━━━━━━━━━━━━━━━━━━━━━━━━━━[0m
[0;34mℹ FIREBASE CLI[0m
[0;34mℹ ━━━━━━━━━━━━━━━━━━━━━━━━━━━━━━━━━━━━━[0m
[0;34mℹ [DRY-RUN] Would run: firebase login[0m
[0;34mℹ [0m
[0;34mℹ ━━━━━━━━━━━━━━━━━━━━━━━━━━━━━━━━━━━━━[0m
[0;34mℹ GOOGLE APPLICATION CREDENTIALS (SERVICE ACCOUNT)[0m
[0;34mℹ ━━━━━━━━━━━━━━━━━━━━━━━━━━━━━━━━━━━━━[0m
[1;33m⚠ No service account credentials found[0m
[0;34mℹ Expected one of:[0m
[0;34mℹ   - /home/asanchez/Code/github-andres20980/astro-cluster/.firebase/service-account.json[0m
[0;34mℹ   - /home/asanchez/.config/gcloud/service-account.json[0m
[0;34mℹ   - /home/asanchez/Code/github-andres20980/astro-cluster/service-account.json[0m
[0;34mℹ To generate:[0m
[0;34mℹ   1. Go to GCP Console → Service Accounts[0m
[0;34mℹ   2. Create new key (JSON format)[0m
[0;34mℹ   3. Save to: /home/asanchez/Code/github-andres20980/astro-cluster/.firebase/service-account.json[0m
Timestamp: Fri May  8 12:41:59 CEST 2026
[0;34mℹ ━━━━━━━━━━━━━━━━━━━━━━━━━━━━━━━━━━━━━[0m
[0;34mℹ GITHUB CLI[0m
[0;34mℹ ━━━━━━━━━━━━━━━━━━━━━━━━━━━━━━━━━━━━━[0m
[0;32m✅ GitHub already authenticated[0m
[0;34mℹ [0m
[0;34mℹ ━━━━━━━━━━━━━━━━━━━━━━━━━━━━━━━━━━━━━[0m
[0;34mℹ GCLOUD SDK[0m
[0;34mℹ ━━━━━━━━━━━━━━━━━━━━━━━━━━━━━━━━━━━━━[0m
[0;32m✅ GCP authenticated as: poorku@gmail.com[0m
[0;34mℹ [0m
[0;34mℹ ━━━━━━━━━━━━━━━━━━━━━━━━━━━━━━━━━━━━━[0m
[0;34mℹ FIREBASE CLI[0m
[0;34mℹ ━━━━━━━━━━━━━━━━━━━━━━━━━━━━━━━━━━━━━[0m
[1;33m⚠ Firebase authentication required. Opening browser...[0m
[0;34mℹ [0m
[0;34mℹ ━━━━━━━━━━━━━━━━━━━━━━━━━━━━━━━━━━━━━[0m
[0;34mℹ GOOGLE APPLICATION CREDENTIALS (SERVICE ACCOUNT)[0m
[0;34mℹ ━━━━━━━━━━━━━━━━━━━━━━━━━━━━━━━━━━━━━[0m
[1;33m⚠ No service account credentials found[0m
[0;34mℹ Expected one of:[0m
[0;34mℹ   - /home/asanchez/Code/github-andres20980/astro-cluster/.firebase/service-account.json[0m
[0;34mℹ   - /home/asanchez/.config/gcloud/service-account.json[0m
[0;34mℹ   - /home/asanchez/Code/github-andres20980/astro-cluster/service-account.json[0m
[0;34mℹ To generate:[0m
[0;34mℹ   1. Go to GCP Console → Service Accounts[0m
[0;34mℹ   2. Create new key (JSON format)[0m
[0;34mℹ   3. Save to: /home/asanchez/Code/github-andres20980/astro-cluster/.firebase/service-account.json[0m
Timestamp: Fri May  8 12:42:17 CEST 2026
[0;34mℹ ━━━━━━━━━━━━━━━━━━━━━━━━━━━━━━━━━━━━━[0m
[0;34mℹ GITHUB CLI[0m
[0;34mℹ ━━━━━━━━━━━━━━━━━━━━━━━━━━━━━━━━━━━━━[0m
[0;32m✅ GitHub already authenticated[0m
[0;34mℹ [0m
[0;34mℹ ━━━━━━━━━━━━━━━━━━━━━━━━━━━━━━━━━━━━━[0m
[0;34mℹ GCLOUD SDK[0m
[0;34mℹ ━━━━━━━━━━━━━━━━━━━━━━━━━━━━━━━━━━━━━[0m
[0;32m✅ GCP authenticated as: poorku@gmail.com[0m
[0;34mℹ [0m
[0;34mℹ ━━━━━━━━━━━━━━━━━━━━━━━━━━━━━━━━━━━━━[0m
[0;34mℹ FIREBASE CLI[0m
[0;34mℹ ━━━━━━━━━━━━━━━━━━━━━━━━━━━━━━━━━━━━━[0m
[1;33m⚠ Firebase authentication required. Opening browser...[0m
[0;34mℹ [0m
[0;34mℹ ━━━━━━━━━━━━━━━━━━━━━━━━━━━━━━━━━━━━━[0m
[0;34mℹ GOOGLE APPLICATION CREDENTIALS (SERVICE ACCOUNT)[0m
[0;34mℹ ━━━━━━━━━━━━━━━━━━━━━━━━━━━━━━━━━━━━━[0m
[1;33m⚠ No service account credentials found[0m
[0;34mℹ Expected one of:[0m
[0;34mℹ   - /home/asanchez/Code/github-andres20980/astro-cluster/.firebase/service-account.json[0m
[0;34mℹ   - /home/asanchez/.config/gcloud/service-account.json[0m
[0;34mℹ   - /home/asanchez/Code/github-andres20980/astro-cluster/service-account.json[0m
[0;34mℹ To generate:[0m
[0;34mℹ   1. Go to GCP Console → Service Accounts[0m
[0;34mℹ   2. Create new key (JSON format)[0m
[0;34mℹ   3. Save to: /home/asanchez/Code/github-andres20980/astro-cluster/.firebase/service-account.json[0m
Timestamp: Fri May  8 12:48:13 CEST 2026
[1;33m⚠ DRY-RUN MODE - No changes will be made[0m
[0;34mℹ ━━━━━━━━━━━━━━━━━━━━━━━━━━━━━━━━━━━━━[0m
[0;34mℹ GITHUB CLI[0m
[0;34mℹ ━━━━━━━━━━━━━━━━━━━━━━━━━━━━━━━━━━━━━[0m
[0;34mℹ Expected account: andres20980[0m
[0;32m✅ GitHub already authenticated[0m
[1;33m⚠ ⚠️  Active account is  (expected: andres20980)[0m
[0;34mℹ Switch with: gh auth switch[0m
[0;34mℹ [0m
[0;34mℹ ━━━━━━━━━━━━━━━━━━━━━━━━━━━━━━━━━━━━━[0m
[0;34mℹ GCLOUD SDK[0m
[0;34mℹ ━━━━━━━━━━━━━━━━━━━━━━━━━━━━━━━━━━━━━[0m
[0;34mℹ Expected account: poorku@gmail.com[0m
[0;32m✅ GCP authenticated as: poorku@gmail.com[0m
[0;34mℹ [0m
[0;34mℹ ━━━━━━━━━━━━━━━━━━━━━━━━━━━━━━━━━━━━━[0m
[0;34mℹ FIREBASE CLI[0m
[0;34mℹ ━━━━━━━━━━━━━━━━━━━━━━━━━━━━━━━━━━━━━[0m
[0;34mℹ Expected account: poorku@gmail.com[0m
[0;34mℹ [DRY-RUN] Would run: firebase login[0m
[0;34mℹ [0m
[0;34mℹ ━━━━━━━━━━━━━━━━━━━━━━━━━━━━━━━━━━━━━[0m
[0;34mℹ GOOGLE APPLICATION CREDENTIALS (SERVICE ACCOUNT)[0m
[0;34mℹ ━━━━━━━━━━━━━━━━━━━━━━━━━━━━━━━━━━━━━[0m
[1;33m⚠ No service account credentials found[0m
[0;34mℹ Expected one of:[0m
[0;34mℹ   - /home/asanchez/Code/github-andres20980/astro-cluster/.firebase/service-account.json[0m
[0;34mℹ   - /home/asanchez/.config/gcloud/service-account.json[0m
[0;34mℹ   - /home/asanchez/Code/github-andres20980/astro-cluster/service-account.json[0m
[0;34mℹ To generate:[0m
[0;34mℹ   1. Go to GCP Console → Service Accounts[0m
[0;34mℹ   2. Create new key (JSON format)[0m
[0;34mℹ   3. Save to: /home/asanchez/Code/github-andres20980/astro-cluster/.firebase/service-account.json[0m
Timestamp: Fri May  8 12:49:22 CEST 2026
[0;34mℹ ━━━━━━━━━━━━━━━━━━━━━━━━━━━━━━━━━━━━━[0m
[0;34mℹ GITHUB CLI[0m
[0;34mℹ ━━━━━━━━━━━━━━━━━━━━━━━━━━━━━━━━━━━━━[0m
[0;34mℹ Expected account: andres20980[0m
[0;32m✅ GitHub already authenticated[0m
[1;33m⚠ ⚠️  Active account is  (expected: andres20980)[0m
[0;34mℹ Switch with: gh auth switch[0m
[0;34mℹ [0m
[0;34mℹ ━━━━━━━━━━━━━━━━━━━━━━━━━━━━━━━━━━━━━[0m
[0;34mℹ GCLOUD SDK[0m
[0;34mℹ ━━━━━━━━━━━━━━━━━━━━━━━━━━━━━━━━━━━━━[0m
[0;34mℹ Expected account: poorku@gmail.com[0m
[0;32m✅ GCP authenticated as: poorku@gmail.com[0m
[0;34mℹ [0m
[0;34mℹ ━━━━━━━━━━━━━━━━━━━━━━━━━━━━━━━━━━━━━[0m
[0;34mℹ FIREBASE CLI[0m
[0;34mℹ ━━━━━━━━━━━━━━━━━━━━━━━━━━━━━━━━━━━━━[0m
[0;34mℹ Expected account: poorku@gmail.com[0m
[1;33m⚠ Firebase authentication required. Opening browser...[0m
[0;34mℹ → Use account: poorku@gmail.com[0m
[0;34mℹ [0m
[0;34mℹ ━━━━━━━━━━━━━━━━━━━━━━━━━━━━━━━━━━━━━[0m
[0;34mℹ GOOGLE APPLICATION CREDENTIALS (SERVICE ACCOUNT)[0m
[0;34mℹ ━━━━━━━━━━━━━━━━━━━━━━━━━━━━━━━━━━━━━[0m
[1;33m⚠ No service account credentials found[0m
[0;34mℹ Expected one of:[0m
[0;34mℹ   - /home/asanchez/Code/github-andres20980/astro-cluster/.firebase/service-account.json[0m
[0;34mℹ   - /home/asanchez/.config/gcloud/service-account.json[0m
[0;34mℹ   - /home/asanchez/Code/github-andres20980/astro-cluster/service-account.json[0m
[0;34mℹ To generate:[0m
[0;34mℹ   1. Go to GCP Console → Service Accounts[0m
[0;34mℹ   2. Create new key (JSON format)[0m
[0;34mℹ   3. Save to: /home/asanchez/Code/github-andres20980/astro-cluster/.firebase/service-account.json[0m
Timestamp: Fri May  8 12:52:16 CEST 2026
[1;33m⚠ DRY-RUN MODE - No changes will be made[0m
[0;34mℹ ━━━━━━━━━━━━━━━━━━━━━━━━━━━━━━━━━━━━━[0m
[0;34mℹ GITHUB CLI[0m
[0;34mℹ ━━━━━━━━━━━━━━━━━━━━━━━━━━━━━━━━━━━━━[0m
[0;34mℹ Expected account: andres20980[0m
[0;32m✅ GitHub already authenticated[0m
[1;33m⚠ ⚠️  Active account is  (expected: andres20980)[0m
[0;34mℹ Switch with: gh auth switch[0m
[0;34mℹ [0m
[0;34mℹ ━━━━━━━━━━━━━━━━━━━━━━━━━━━━━━━━━━━━━[0m
[0;34mℹ GCLOUD SDK[0m
[0;34mℹ ━━━━━━━━━━━━━━━━━━━━━━━━━━━━━━━━━━━━━[0m
[0;34mℹ Expected account: poorku@gmail.com[0m
[0;32m✅ GCP authenticated as: poorku@gmail.com[0m
[0;34mℹ [0m
[0;34mℹ ━━━━━━━━━━━━━━━━━━━━━━━━━━━━━━━━━━━━━[0m
[0;34mℹ FIREBASE CLI[0m
[0;34mℹ ━━━━━━━━━━━━━━━━━━━━━━━━━━━━━━━━━━━━━[0m
[0;34mℹ Expected account: poorku@gmail.com[0m
[0;34mℹ [DRY-RUN] Would run: firebase login[0m
[0;34mℹ [0m
[0;34mℹ ━━━━━━━━━━━━━━━━━━━━━━━━━━━━━━━━━━━━━[0m
[0;34mℹ GOOGLE APPLICATION CREDENTIALS (SERVICE ACCOUNT)[0m
[0;34mℹ ━━━━━━━━━━━━━━━━━━━━━━━━━━━━━━━━━━━━━[0m
[1;33m⚠ No service account credentials found[0m
[0;34mℹ Expected one of:[0m
[0;34mℹ   - /home/asanchez/Code/github-andres20980/astro-cluster/.firebase/service-account.json[0m
[0;34mℹ   - /home/asanchez/.config/gcloud/service-account.json[0m
[0;34mℹ   - /home/asanchez/Code/github-andres20980/astro-cluster/service-account.json[0m
[0;34mℹ To generate:[0m
[0;34mℹ   1. Go to GCP Console → Service Accounts[0m
[0;34mℹ   2. Create new key (JSON format)[0m
[0;34mℹ   3. Save to: /home/asanchez/Code/github-andres20980/astro-cluster/.firebase/service-account.json[0m
Timestamp: Fri May  8 12:53:11 CEST 2026
[1;33m⚠ DRY-RUN MODE - No changes will be made[0m
[0;34mℹ ━━━━━━━━━━━━━━━━━━━━━━━━━━━━━━━━━━━━━[0m
[0;34mℹ GITHUB CLI[0m
[0;34mℹ ━━━━━━━━━━━━━━━━━━━━━━━━━━━━━━━━━━━━━[0m
[0;34mℹ Expected account: andres20980[0m
[0;32m✅ GitHub already authenticated[0m
[0;32m✅ ✅ Active account is correct: andres20980[0m
[0;34mℹ [0m
[0;34mℹ ━━━━━━━━━━━━━━━━━━━━━━━━━━━━━━━━━━━━━[0m
[0;34mℹ GCLOUD SDK[0m
[0;34mℹ ━━━━━━━━━━━━━━━━━━━━━━━━━━━━━━━━━━━━━[0m
[0;34mℹ Expected account: poorku@gmail.com[0m
[0;32m✅ GCP authenticated as: poorku@gmail.com[0m
[0;34mℹ [0m
[0;34mℹ ━━━━━━━━━━━━━━━━━━━━━━━━━━━━━━━━━━━━━[0m
[0;34mℹ FIREBASE CLI[0m
[0;34mℹ ━━━━━━━━━━━━━━━━━━━━━━━━━━━━━━━━━━━━━[0m
[0;34mℹ Expected account: poorku@gmail.com[0m
[0;34mℹ [DRY-RUN] Would run: firebase login[0m
[0;34mℹ [0m
[0;34mℹ ━━━━━━━━━━━━━━━━━━━━━━━━━━━━━━━━━━━━━[0m
[0;34mℹ GOOGLE APPLICATION CREDENTIALS (SERVICE ACCOUNT)[0m
[0;34mℹ ━━━━━━━━━━━━━━━━━━━━━━━━━━━━━━━━━━━━━[0m
[1;33m⚠ No service account credentials found[0m
[0;34mℹ Expected one of:[0m
[0;34mℹ   - /home/asanchez/Code/github-andres20980/astro-cluster/.firebase/service-account.json[0m
[0;34mℹ   - /home/asanchez/.config/gcloud/service-account.json[0m
[0;34mℹ   - /home/asanchez/Code/github-andres20980/astro-cluster/service-account.json[0m
[0;34mℹ To generate:[0m
[0;34mℹ   1. Go to GCP Console → Service Accounts[0m
[0;34mℹ   2. Create new key (JSON format)[0m
Timestamp: Fri May  8 12:57:43 CEST 2026
[1;33m⚠ DRY-RUN MODE - No changes will be made[0m
[0;34mℹ ━━━━━━━━━━━━━━━━━━━━━━━━━━━━━━━━━━━━━[0m
[0;34mℹ GITHUB CLI[0m
[0;34mℹ ━━━━━━━━━━━━━━━━━━━━━━━━━━━━━━━━━━━━━[0m
[0;34mℹ Expected account: andres20980[0m
[0;32m✅ GitHub already authenticated[0m
[0;32m✅ ✅ Active account is correct: andres20980[0m
[0;34mℹ [0m
[0;34mℹ ━━━━━━━━━━━━━━━━━━━━━━━━━━━━━━━━━━━━━[0m
[0;34mℹ GCLOUD SDK[0m
[0;34mℹ ━━━━━━━━━━━━━━━━━━━━━━━━━━━━━━━━━━━━━[0m
[0;34mℹ Expected account: poorku@gmail.com[0m
[0;32m✅ GCP authenticated as: poorku@gmail.com[0m
[0;34mℹ [0m
[0;34mℹ ━━━━━━━━━━━━━━━━━━━━━━━━━━━━━━━━━━━━━[0m
[0;34mℹ FIREBASE CLI[0m
[0;34mℹ ━━━━━━━━━━━━━━━━━━━━━━━━━━━━━━━━━━━━━[0m
[0;34mℹ Expected: GOOGLE_APPLICATION_CREDENTIALS or gcloud auth[0m
[0;32m✅ gcloud auth available (fallback for Firebase)[0m
[0;34mℹ [0m
[0;34mℹ ━━━━━━━━━━━━━━━━━━━━━━━━━━━━━━━━━━━━━[0m
[0;34mℹ GOOGLE APPLICATION CREDENTIALS (SERVICE ACCOUNT)[0m
[0;34mℹ ━━━━━━━━━━━━━━━━━━━━━━━━━━━━━━━━━━━━━[0m
[1;33m⚠ No service account credentials found[0m
[0;34mℹ Expected one of:[0m
[0;34mℹ   - /home/asanchez/Code/github-andres20980/astro-cluster/.firebase/service-account.json[0m
[0;34mℹ   - /home/asanchez/.config/gcloud/service-account.json[0m
[0;34mℹ   - /home/asanchez/Code/github-andres20980/astro-cluster/service-account.json[0m
[0;34mℹ To generate:[0m
[0;34mℹ   1. Go to GCP Console → Service Accounts[0m
[0;34mℹ   2. Create new key (JSON format)[0m
[0;34mℹ   3. Save to: /home/asanchez/Code/github-andres20980/astro-cluster/.firebase/service-account.json[0m
Timestamp: Fri May  8 12:58:18 CEST 2026
[0;34mℹ ━━━━━━━━━━━━━━━━━━━━━━━━━━━━━━━━━━━━━[0m
[0;34mℹ GITHUB CLI[0m
[0;34mℹ ━━━━━━━━━━━━━━━━━━━━━━━━━━━━━━━━━━━━━[0m
[0;34mℹ Expected account: andres20980[0m
[0;32m✅ GitHub already authenticated[0m
[0;32m✅ ✅ Active account is correct: andres20980[0m
[0;34mℹ [0m
[0;34mℹ ━━━━━━━━━━━━━━━━━━━━━━━━━━━━━━━━━━━━━[0m
[0;34mℹ GCLOUD SDK[0m
[0;34mℹ ━━━━━━━━━━━━━━━━━━━━━━━━━━━━━━━━━━━━━[0m
[0;34mℹ Expected account: poorku@gmail.com[0m
[0;32m✅ GCP authenticated as: poorku@gmail.com[0m
[0;34mℹ [0m
[0;34mℹ ━━━━━━━━━━━━━━━━━━━━━━━━━━━━━━━━━━━━━[0m
[0;34mℹ FIREBASE CLI[0m
[0;34mℹ ━━━━━━━━━━━━━━━━━━━━━━━━━━━━━━━━━━━━━[0m
[0;34mℹ Expected: GOOGLE_APPLICATION_CREDENTIALS or gcloud auth[0m
[0;32m✅ gcloud auth available (fallback for Firebase)[0m
[0;34mℹ [0m
[0;34mℹ ━━━━━━━━━━━━━━━━━━━━━━━━━━━━━━━━━━━━━[0m
[0;34mℹ GOOGLE APPLICATION CREDENTIALS (SERVICE ACCOUNT)[0m
[0;34mℹ ━━━━━━━━━━━━━━━━━━━━━━━━━━━━━━━━━━━━━[0m
[1;33m⚠ No service account credentials found[0m
[0;34mℹ Expected one of:[0m
[0;34mℹ   - /home/asanchez/Code/github-andres20980/astro-cluster/.firebase/service-account.json[0m
[0;34mℹ   - /home/asanchez/.config/gcloud/service-account.json[0m
[0;34mℹ   - /home/asanchez/Code/github-andres20980/astro-cluster/service-account.json[0m
[0;34mℹ To generate:[0m
[0;34mℹ   1. Go to GCP Console → Service Accounts[0m
[0;34mℹ   2. Create new key (JSON format)[0m
[0;34mℹ   3. Save to: /home/asanchez/Code/github-andres20980/astro-cluster/.firebase/service-account.json[0m
Timestamp: Fri May  8 12:58:50 CEST 2026
[0;34mℹ ━━━━━━━━━━━━━━━━━━━━━━━━━━━━━━━━━━━━━[0m
[0;34mℹ GITHUB CLI[0m
[0;34mℹ ━━━━━━━━━━━━━━━━━━━━━━━━━━━━━━━━━━━━━[0m
[0;34mℹ Expected account: andres20980[0m
[0;32m✅ GitHub already authenticated[0m
[0;32m✅ ✅ Active account is correct: andres20980[0m
[0;34mℹ [0m
[0;34mℹ ━━━━━━━━━━━━━━━━━━━━━━━━━━━━━━━━━━━━━[0m
[0;34mℹ GCLOUD SDK[0m
[0;34mℹ ━━━━━━━━━━━━━━━━━━━━━━━━━━━━━━━━━━━━━[0m
[0;34mℹ Expected account: poorku@gmail.com[0m
[0;32m✅ GCP authenticated as: poorku@gmail.com[0m
[0;34mℹ [0m
[0;34mℹ ━━━━━━━━━━━━━━━━━━━━━━━━━━━━━━━━━━━━━[0m
[0;34mℹ FIREBASE CLI[0m
[0;34mℹ ━━━━━━━━━━━━━━━━━━━━━━━━━━━━━━━━━━━━━[0m
[0;34mℹ Expected: GOOGLE_APPLICATION_CREDENTIALS or gcloud auth[0m
[0;32m✅ gcloud auth available (fallback for Firebase)[0m
[0;34mℹ [0m
[0;34mℹ ━━━━━━━━━━━━━━━━━━━━━━━━━━━━━━━━━━━━━[0m
[0;34mℹ GOOGLE APPLICATION CREDENTIALS (SERVICE ACCOUNT)[0m
[0;34mℹ ━━━━━━━━━━━━━━━━━━━━━━━━━━━━━━━━━━━━━[0m
[1;33m⚠ No service account credentials found[0m
[0;34mℹ Expected one of:[0m
[0;34mℹ   - /home/asanchez/Code/github-andres20980/astro-cluster/.firebase/service-account.json[0m
[0;34mℹ   - /home/asanchez/.config/gcloud/service-account.json[0m
[0;34mℹ   - /home/asanchez/Code/github-andres20980/astro-cluster/service-account.json[0m
[0;34mℹ To generate:[0m
[0;34mℹ   1. Go to GCP Console → Service Accounts[0m
[0;34mℹ   2. Create new key (JSON format)[0m
[0;34mℹ   3. Save to: /home/asanchez/Code/github-andres20980/astro-cluster/.firebase/service-account.json[0m
Timestamp: Fri May  8 13:03:46 CEST 2026
[1;33m⚠ DRY-RUN MODE - No changes will be made[0m
[0;34mℹ ━━━━━━━━━━━━━━━━━━━━━━━━━━━━━━━━━━━━━[0m
[0;34mℹ GITHUB CLI[0m
[0;34mℹ ━━━━━━━━━━━━━━━━━━━━━━━━━━━━━━━━━━━━━[0m
[0;34mℹ Expected account: andres20980[0m
[0;32m✅ GitHub already authenticated[0m
[0;32m✅ ✅ Active account is correct: andres20980[0m
[0;34mℹ [0m
[0;34mℹ ━━━━━━━━━━━━━━━━━━━━━━━━━━━━━━━━━━━━━[0m
[0;34mℹ GCLOUD SDK[0m
[0;34mℹ ━━━━━━━━━━━━━━━━━━━━━━━━━━━━━━━━━━━━━[0m
[0;34mℹ Expected account: poorku@gmail.com[0m
[0;32m✅ GCP authenticated as: poorku@gmail.com[0m
[0;34mℹ [0m
[0;34mℹ ━━━━━━━━━━━━━━━━━━━━━━━━━━━━━━━━━━━━━[0m
[0;34mℹ FIREBASE CLI[0m
[0;34mℹ ━━━━━━━━━━━━━━━━━━━━━━━━━━━━━━━━━━━━━[0m
[0;34mℹ Expected: GOOGLE_APPLICATION_CREDENTIALS or gcloud auth[0m
[0;32m✅ Service account configured: /home/asanchez/.config/gcloud/service-account.json[0m
[0;32m✅ gcloud auth available (fallback for Firebase)[0m
[0;34mℹ [0m
[0;34mℹ ━━━━━━━━━━━━━━━━━━━━━━━━━━━━━━━━━━━━━[0m
[0;34mℹ GOOGLE APPLICATION CREDENTIALS (SERVICE ACCOUNT)[0m
[0;34mℹ ━━━━━━━━━━━━━━━━━━━━━━━━━━━━━━━━━━━━━[0m
[0;32m✅ Service account credentials found: /home/asanchez/.config/gcloud/service-account.json[0m
[0;34mℹ Last updated: 0 days ago[0m
[0;32m✅ Service account credentials are valid[0m
[0;34mℹ [0m
[0;34mℹ ━━━━━━━━━━━━━━━━━━━━━━━━━━━━━━━━━━━━━[0m
[0;34mℹ VALIDATION TESTS[0m
[0;34mℹ ━━━━━━━━━━━━━━━━━━━━━━━━━━━━━━━━━━━━━[0m
[0;32m✅ GitHub authentication test passed[0m
[0;32m✅ GCloud authentication test passed[0m
[0;31m❌ Firebase authentication test failed[0m
[0;32m✅ Service account credentials test passed[0m
[0;31m❌ 1 test(s) failed[0m
Timestamp: Fri May  8 13:05:04 CEST 2026
[0;34mℹ ━━━━━━━━━━━━━━━━━━━━━━━━━━━━━━━━━━━━━[0m
[0;34mℹ GITHUB CLI[0m
[0;34mℹ ━━━━━━━━━━━━━━━━━━━━━━━━━━━━━━━━━━━━━[0m
[0;34mℹ Expected account: andres20980[0m
[0;32m✅ GitHub already authenticated[0m
[0;32m✅ ✅ Active account is correct: andres20980[0m
[0;34mℹ [0m
[0;34mℹ ━━━━━━━━━━━━━━━━━━━━━━━━━━━━━━━━━━━━━[0m
[0;34mℹ GCLOUD SDK[0m
[0;34mℹ ━━━━━━━━━━━━━━━━━━━━━━━━━━━━━━━━━━━━━[0m
[0;34mℹ Expected account: poorku@gmail.com[0m
[0;32m✅ GCP authenticated as: poorku@gmail.com[0m
[0;34mℹ [0m
[0;34mℹ ━━━━━━━━━━━━━━━━━━━━━━━━━━━━━━━━━━━━━[0m
[0;34mℹ FIREBASE CLI[0m
[0;34mℹ ━━━━━━━━━━━━━━━━━━━━━━━━━━━━━━━━━━━━━[0m
[0;34mℹ Expected: GOOGLE_APPLICATION_CREDENTIALS or gcloud auth[0m
[0;32m✅ Service account configured: /home/asanchez/.config/gcloud/service-account.json[0m
[0;32m✅ gcloud auth available (fallback for Firebase)[0m
[0;34mℹ [0m
[0;34mℹ ━━━━━━━━━━━━━━━━━━━━━━━━━━━━━━━━━━━━━[0m
[0;34mℹ GOOGLE APPLICATION CREDENTIALS (SERVICE ACCOUNT)[0m
[0;34mℹ ━━━━━━━━━━━━━━━━━━━━━━━━━━━━━━━━━━━━━[0m
[0;32m✅ Service account credentials found: /home/asanchez/.config/gcloud/service-account.json[0m
[0;34mℹ Last updated: 0 days ago[0m
[0;32m✅ Service account credentials are valid[0m
[0;34mℹ [0m
[0;34mℹ ━━━━━━━━━━━━━━━━━━━━━━━━━━━━━━━━━━━━━[0m
[0;34mℹ VALIDATION TESTS[0m
[0;34mℹ ━━━━━━━━━━━━━━━━━━━━━━━━━━━━━━━━━━━━━[0m
[0;32m✅ GitHub authentication test passed[0m
[0;32m✅ GCloud authentication test passed[0m
[0;31m❌ Firebase authentication test failed[0m
[0;32m✅ Service account credentials test passed[0m
[0;31m❌ 1 test(s) failed[0m
Timestamp: Fri May  8 13:07:24 CEST 2026
[1;33m⚠ DRY-RUN MODE - No changes will be made[0m
[0;34mℹ ━━━━━━━━━━━━━━━━━━━━━━━━━━━━━━━━━━━━━[0m
[0;34mℹ GITHUB CLI[0m
[0;34mℹ ━━━━━━━━━━━━━━━━━━━━━━━━━━━━━━━━━━━━━[0m
[0;34mℹ Expected account: andres20980[0m
[0;32m✅ GitHub already authenticated[0m
[0;32m✅ ✅ Active account is correct: andres20980[0m
[0;34mℹ [0m
[0;34mℹ ━━━━━━━━━━━━━━━━━━━━━━━━━━━━━━━━━━━━━[0m
[0;34mℹ GCLOUD SDK[0m
[0;34mℹ ━━━━━━━━━━━━━━━━━━━━━━━━━━━━━━━━━━━━━[0m
[0;34mℹ Expected account: poorku@gmail.com[0m
[0;32m✅ GCP authenticated as: poorku@gmail.com[0m
[0;34mℹ [0m
[0;34mℹ ━━━━━━━━━━━━━━━━━━━━━━━━━━━━━━━━━━━━━[0m
[0;34mℹ FIREBASE CLI[0m
[0;34mℹ ━━━━━━━━━━━━━━━━━━━━━━━━━━━━━━━━━━━━━[0m
[0;34mℹ Expected: GOOGLE_APPLICATION_CREDENTIALS or gcloud auth[0m
[0;32m✅ Service account configured: /home/asanchez/.config/gcloud/service-account.json[0m
[0;32m✅ gcloud auth available (fallback for Firebase)[0m
[0;34mℹ [0m
[0;34mℹ ━━━━━━━━━━━━━━━━━━━━━━━━━━━━━━━━━━━━━[0m
[0;34mℹ GOOGLE APPLICATION CREDENTIALS (SERVICE ACCOUNT)[0m
[0;34mℹ ━━━━━━━━━━━━━━━━━━━━━━━━━━━━━━━━━━━━━[0m
[0;32m✅ Service account credentials found: /home/asanchez/.config/gcloud/service-account.json[0m
[0;34mℹ Last updated: 0 days ago[0m
[0;32m✅ Service account credentials are valid[0m
[0;34mℹ [0m
[0;34mℹ ━━━━━━━━━━━━━━━━━━━━━━━━━━━━━━━━━━━━━[0m
[0;34mℹ VALIDATION TESTS[0m
[0;34mℹ ━━━━━━━━━━━━━━━━━━━━━━━━━━━━━━━━━━━━━[0m
[0;32m✅ GitHub authentication test passed[0m
[0;32m✅ GCloud authentication test passed[0m
[0;31m❌ Firebase authentication test failed[0m
[0;32m✅ Service account credentials test passed[0m
[0;31m❌ 1 test(s) failed[0m
Timestamp: Fri May  8 13:08:16 CEST 2026
[1;33m⚠ DRY-RUN MODE - No changes will be made[0m
[0;34mℹ ━━━━━━━━━━━━━━━━━━━━━━━━━━━━━━━━━━━━━[0m
[0;34mℹ GITHUB CLI[0m
[0;34mℹ ━━━━━━━━━━━━━━━━━━━━━━━━━━━━━━━━━━━━━[0m
[0;34mℹ Expected account: andres20980[0m
[0;32m✅ GitHub already authenticated[0m
[0;32m✅ ✅ Active account is correct: andres20980[0m
[0;34mℹ [0m
[0;34mℹ ━━━━━━━━━━━━━━━━━━━━━━━━━━━━━━━━━━━━━[0m
[0;34mℹ GCLOUD SDK[0m
[0;34mℹ ━━━━━━━━━━━━━━━━━━━━━━━━━━━━━━━━━━━━━[0m
[0;34mℹ Expected account: poorku@gmail.com[0m
[0;32m✅ GCP authenticated as: poorku@gmail.com[0m
[0;34mℹ [0m
[0;34mℹ ━━━━━━━━━━━━━━━━━━━━━━━━━━━━━━━━━━━━━[0m
[0;34mℹ FIREBASE CLI[0m
[0;34mℹ ━━━━━━━━━━━━━━━━━━━━━━━━━━━━━━━━━━━━━[0m
[0;34mℹ Expected: GOOGLE_APPLICATION_CREDENTIALS or gcloud auth[0m
[0;32m✅ Service account configured: /home/asanchez/.config/gcloud/service-account.json[0m
[0;32m✅ gcloud auth available (fallback for Firebase)[0m
[0;34mℹ [0m
[0;34mℹ ━━━━━━━━━━━━━━━━━━━━━━━━━━━━━━━━━━━━━[0m
[0;34mℹ GOOGLE APPLICATION CREDENTIALS (SERVICE ACCOUNT)[0m
[0;34mℹ ━━━━━━━━━━━━━━━━━━━━━━━━━━━━━━━━━━━━━[0m
[0;32m✅ Service account credentials found: /home/asanchez/.config/gcloud/service-account.json[0m
[0;34mℹ Last updated: 0 days ago[0m
[0;32m✅ Service account credentials are valid[0m
[0;34mℹ [0m
[0;34mℹ ━━━━━━━━━━━━━━━━━━━━━━━━━━━━━━━━━━━━━[0m
[0;34mℹ VALIDATION TESTS[0m
[0;34mℹ ━━━━━━━━━━━━━━━━━━━━━━━━━━━━━━━━━━━━━[0m
[0;32m✅ GitHub authentication test passed[0m
[0;32m✅ GCloud authentication test passed[0m
[0;32m✅ Firebase authentication test passed (service account / ADC)[0m
[0;32m✅ Service account credentials test passed[0m
[0;32m✅ All tests passed! 🎉[0m
[0;34mℹ [0m
[0;34mℹ ━━━━━━━━━━━━━━━━━━━━━━━━━━━━━━━━━━━━━[0m
[0;34mℹ SUMMARY[0m
[0;34mℹ ━━━━━━━━━━━━━━━━━━━━━━━━━━━━━━━━━━━━━[0m
[0;32m✅ Relogin process completed successfully[0m
